<?xml version="1.0" encoding="UTF-8"?>
<testsuite name="com.gorest.cucumber.CucumberRunner" time="0.321" tests="38" errors="0" skipped="0" failures="0">
  <properties>
    <property name="idea.version" value="2022.2.2"/>
    <property name="java.runtime.name" value="Java(TM) SE Runtime Environment"/>
    <property name="sun.boot.library.path" value="C:\Program Files\Java\jdk1.8.0_121\jre\bin"/>
    <property name="java.vm.version" value="25.121-b13"/>
    <property name="java.vm.vendor" value="Oracle Corporation"/>
    <property name="maven.multiModuleProjectDirectory" value="C:\Users\Rx_bh\Desktop\Kajal ST\Weekly Manuals\p2-gorest-serenity-cucumber-wk19-kajal"/>
    <property name="java.vendor.url" value="http://java.oracle.com/"/>
    <property name="path.separator" value=";"/>
    <property name="guice.disable.misplaced.annotation.check" value="true"/>
    <property name="java.vm.name" value="Java HotSpot(TM) 64-Bit Server VM"/>
    <property name="file.encoding.pkg" value="sun.io"/>
    <property name="user.script" value=""/>
    <property name="user.country" value="US"/>
    <property name="sun.java.launcher" value="SUN_STANDARD"/>
    <property name="sun.os.patch.level" value=""/>
    <property name="java.vm.specification.name" value="Java Virtual Machine Specification"/>
    <property name="user.dir" value="C:\Users\Rx_bh\Desktop\Kajal ST\Weekly Manuals\p2-gorest-serenity-cucumber-wk19-kajal"/>
    <property name="java.runtime.version" value="1.8.0_121-b13"/>
    <property name="java.awt.graphicsenv" value="sun.awt.Win32GraphicsEnvironment"/>
    <property name="java.endorsed.dirs" value="C:\Program Files\Java\jdk1.8.0_121\jre\lib\endorsed"/>
    <property name="os.arch" value="amd64"/>
    <property name="java.io.tmpdir" value="C:\Users\Rx_bh\AppData\Local\Temp\"/>
    <property name="line.separator" value="&#10;"/>
    <property name="java.vm.specification.vendor" value="Oracle Corporation"/>
    <property name="user.variant" value=""/>
    <property name="os.name" value="Windows 10"/>
    <property name="maven.ext.class.path" value="C:\Program Files\JetBrains\IntelliJ IDEA Community Edition 2022.2.2\plugins\maven\lib\maven-event-listener.jar"/>
    <property name="classworlds.conf" value="C:\Program Files\JetBrains\IntelliJ IDEA Community Edition 2022.2.2\plugins\maven\lib\maven3\bin\m2.conf"/>
    <property name="sun.jnu.encoding" value="Cp1252"/>
    <property name="java.library.path" value="C:\Program Files\Java\jdk1.8.0_121\bin;C:\Windows\Sun\Java\bin;C:\Windows\system32;C:\Windows;C:\ProgramData\Oracle\Java\javapath;C:\Windows\system32;C:\Windows;C:\Windows\System32\Wbem;C:\Windows\System32\WindowsPowerShell\v1.0\;C:\Windows\System32\OpenSSH\;C:\Program Files\dotnet\;C:\Program Files\Java\jdk1.8.0_121\bin;C:\Program Files\Git\cmd;%MVN_HOME%\bin;C:\Program Files\Java\jdk1.8.0_121\bin;C:\Program Files\Apache\apache-maven-3.8.6\bin;C:\Program Files\nodejs\;C:\Users\Rx_bh\AppData\Local\Microsoft\WindowsApps;C:\Users\Rx_bh\AppData\Roaming\npm;."/>
    <property name="maven.conf" value="C:\Program Files\JetBrains\IntelliJ IDEA Community Edition 2022.2.2\plugins\maven\lib\maven3/conf"/>
    <property name="java.specification.name" value="Java Platform API Specification"/>
    <property name="java.class.version" value="52.0"/>
    <property name="sun.management.compiler" value="HotSpot 64-Bit Tiered Compilers"/>
    <property name="os.version" value="10.0"/>
    <property name="user.home" value="C:\Users\Rx_bh"/>
    <property name="user.timezone" value="Europe/London"/>
    <property name="java.awt.printerjob" value="sun.awt.windows.WPrinterJob"/>
    <property name="java.specification.version" value="1.8"/>
    <property name="file.encoding" value="UTF-8"/>
    <property name="user.name" value="Rx_bh"/>
    <property name="java.class.path" value="C:\Program Files\JetBrains\IntelliJ IDEA Community Edition 2022.2.2\plugins\maven\lib\maven3\boot\plexus-classworlds-2.6.0.jar;C:\Program Files\JetBrains\IntelliJ IDEA Community Edition 2022.2.2\plugins\maven\lib\maven3\boot\plexus-classworlds.license;C:\Program Files\JetBrains\IntelliJ IDEA Community Edition 2022.2.2\lib\idea_rt.jar"/>
    <property name="java.vm.specification.version" value="1.8"/>
    <property name="sun.arch.data.model" value="64"/>
    <property name="java.home" value="C:\Program Files\Java\jdk1.8.0_121\jre"/>
    <property name="sun.java.command" value="org.codehaus.classworlds.Launcher -Didea.version=2022.2.2 clean verify serenity:aggregate"/>
    <property name="java.specification.vendor" value="Oracle Corporation"/>
    <property name="user.language" value="en"/>
    <property name="awt.toolkit" value="sun.awt.windows.WToolkit"/>
    <property name="java.vm.info" value="mixed mode"/>
    <property name="java.version" value="1.8.0_121"/>
    <property name="java.ext.dirs" value="C:\Program Files\Java\jdk1.8.0_121\jre\lib\ext;C:\Windows\Sun\Java\lib\ext"/>
    <property name="sun.boot.class.path" value="C:\Program Files\Java\jdk1.8.0_121\jre\lib\resources.jar;C:\Program Files\Java\jdk1.8.0_121\jre\lib\rt.jar;C:\Program Files\Java\jdk1.8.0_121\jre\lib\sunrsasign.jar;C:\Program Files\Java\jdk1.8.0_121\jre\lib\jsse.jar;C:\Program Files\Java\jdk1.8.0_121\jre\lib\jce.jar;C:\Program Files\Java\jdk1.8.0_121\jre\lib\charsets.jar;C:\Program Files\Java\jdk1.8.0_121\jre\lib\jfr.jar;C:\Program Files\Java\jdk1.8.0_121\jre\classes"/>
    <property name="java.vendor" value="Oracle Corporation"/>
    <property name="maven.home" value="C:\Program Files\JetBrains\IntelliJ IDEA Community Edition 2022.2.2\plugins\maven\lib\maven3"/>
    <property name="file.separator" value="\"/>
    <property name="java.vendor.url.bug" value="http://bugreport.sun.com/bugreport/"/>
    <property name="sun.cpu.endian" value="little"/>
    <property name="sun.io.unicode.encoding" value="UnicodeLittle"/>
    <property name="sun.desktop" value="windows"/>
    <property name="sun.cpu.isalist" value="amd64"/>
  </properties>
  <testcase name="When I create a new user by providing the information name &quot;Enriqueta1&quot; gender &quot;Female&quot; email &quot;eflott0@weibo.com&quot; status &quot;active&quot;" classname="| Enriqueta1 | Female | eflott0@weibo.com | active |" time="0"/>
  <testcase name="When I create a new user by providing the information name &quot;Enriqueta1&quot; gender &quot;Female&quot; email &quot;eflott0@weibo.com&quot; status &quot;active&quot;" classname="| Enriqueta1 | Female | eflott0@weibo.com | active |" time="0"/>
  <testcase name="Then I verify new user is created" classname="| Enriqueta1 | Female | eflott0@weibo.com | active |" time="0"/>
  <testcase name="| Enriqueta1 | Female | eflott0@weibo.com | active |" classname="| Enriqueta1 | Female | eflott0@weibo.com | active |" time="0.001"/>
  <testcase name="| Enriqueta1 | Female | eflott0@weibo.com | active |" classname="| Enriqueta1 | Female | eflott0@weibo.com | active |" time="0.003"/>
  <testcase name="When I create a new user by providing the information name &quot;Alphonso1&quot; gender &quot;Male&quot; email &quot;aartiss1@paginegialle.it&quot; status &quot;active&quot;" classname="| Alphonso1 | Male | aartiss1@paginegialle.it | active |" time="0"/>
  <testcase name="When I create a new user by providing the information name &quot;Alphonso1&quot; gender &quot;Male&quot; email &quot;aartiss1@paginegialle.it&quot; status &quot;active&quot;" classname="| Alphonso1 | Male | aartiss1@paginegialle.it | active |" time="0"/>
  <testcase name="Then I verify new user is created" classname="| Alphonso1 | Male | aartiss1@paginegialle.it | active |" time="0"/>
  <testcase name="| Alphonso1 | Male | aartiss1@paginegialle.it | active |" classname="| Alphonso1 | Male | aartiss1@paginegialle.it | active |" time="0.002"/>
  <testcase name="| Alphonso1 | Male | aartiss1@paginegialle.it | active |" classname="| Alphonso1 | Male | aartiss1@paginegialle.it | active |" time="0.001"/>
  <testcase name="When I create a new user by providing the information name &quot;Alastair1&quot; gender &quot;Male&quot; email &quot;ashillitoe2@elpais.com&quot; status &quot;inactive&quot;" classname="| Alastair1 | Male | ashillitoe2@elpais.com | inactive |" time="0"/>
  <testcase name="When I create a new user by providing the information name &quot;Alastair1&quot; gender &quot;Male&quot; email &quot;ashillitoe2@elpais.com&quot; status &quot;inactive&quot;" classname="| Alastair1 | Male | ashillitoe2@elpais.com | inactive |" time="0"/>
  <testcase name="Then I verify new user is created" classname="| Alastair1 | Male | ashillitoe2@elpais.com | inactive |" time="0"/>
  <testcase name="| Alastair1 | Male | ashillitoe2@elpais.com | inactive |" classname="| Alastair1 | Male | ashillitoe2@elpais.com | inactive |" time="0.004"/>
  <testcase name="| Alastair1 | Male | ashillitoe2@elpais.com | inactive |" classname="| Alastair1 | Male | ashillitoe2@elpais.com | inactive |" time="0.002"/>
  <testcase name="When I create a new user by providing the information name &quot;Weider1&quot; gender &quot;Male&quot; email &quot;wclaige3@wufoo.com&quot; status &quot;active&quot;" classname="| Weider1 | Male | wclaige3@wufoo.com | active |" time="0"/>
  <testcase name="When I create a new user by providing the information name &quot;Weider1&quot; gender &quot;Male&quot; email &quot;wclaige3@wufoo.com&quot; status &quot;active&quot;" classname="| Weider1 | Male | wclaige3@wufoo.com | active |" time="0"/>
  <testcase name="Then I verify new user is created" classname="| Weider1 | Male | wclaige3@wufoo.com | active |" time="0.001"/>
  <testcase name="| Weider1 | Male | wclaige3@wufoo.com | active |" classname="| Weider1 | Male | wclaige3@wufoo.com | active |" time="0.237"/>
  <testcase name="| Weider1 | Male | wclaige3@wufoo.com | active |" classname="| Weider1 | Male | wclaige3@wufoo.com | active |" time="0.104"/>
  <testcase name="When I update user with name &quot;Edwarto1&quot; gender &quot;Male&quot; email &quot;edwarto1@weibo.com&quot; status &quot;active&quot;" classname="| Edwarto1 | Male | edwarto1@weibo.com | active | 200 |" time="0"/>
  <testcase name="Then I verify the response has &quot;200&quot; status code" classname="| Edwarto1 | Male | edwarto1@weibo.com | active | 200 |" time="0"/>
  <testcase name="| Edwarto1 | Male | edwarto1@weibo.com | active | 200 |" classname="| Edwarto1 | Male | edwarto1@weibo.com | active | 200 |" time="0.076"/>
  <testcase name="| Edwarto1 | Male | edwarto1@weibo.com | active | 200 |" classname="| Edwarto1 | Male | edwarto1@weibo.com | active | 200 |" time="0.042"/>
  <testcase name="When I delete user with name &quot;Edwarto1&quot; gender &quot;Male&quot; email &quot;edwarto1@weibo.com&quot; status &quot;active&quot;" classname="| Edwarto1 | Male | edwarto1@weibo.com | active | 200 |" time="0"/>
  <testcase name="Then I verify the response has status code" classname="| Edwarto1 | Male | edwarto1@weibo.com | active | 200 |" time="0"/>
  <testcase name="And I update user with name &quot;Enriqueta1&quot; gender &quot;Female&quot; email &quot;eflott0@weibo.com&quot; status &quot;active&quot;" classname="| Enriqueta1 | Female | eflott0@weibo.com | active |" time="0"/>
  <testcase name="And I delete user with name &quot;Enriqueta1&quot; gender &quot;Female&quot; email &quot;eflott0@weibo.com&quot; status &quot;active&quot;" classname="| Enriqueta1 | Female | eflott0@weibo.com | active |" time="0"/>
  <testcase name="Then I verify the response has status code" classname="| Enriqueta1 | Female | eflott0@weibo.com | active |" time="0"/>
  <testcase name="And I update user with name &quot;Alphonso1&quot; gender &quot;Male&quot; email &quot;aartiss1@paginegialle.it&quot; status &quot;active&quot;" classname="| Alphonso1 | Male | aartiss1@paginegialle.it | active |" time="0"/>
  <testcase name="And I delete user with name &quot;Alphonso1&quot; gender &quot;Male&quot; email &quot;aartiss1@paginegialle.it&quot; status &quot;active&quot;" classname="| Alphonso1 | Male | aartiss1@paginegialle.it | active |" time="0"/>
  <testcase name="Then I verify the response has status code" classname="| Alphonso1 | Male | aartiss1@paginegialle.it | active |" time="0"/>
  <testcase name="And I update user with name &quot;Alastair1&quot; gender &quot;Male&quot; email &quot;ashillitoe2@elpais.com&quot; status &quot;inactive&quot;" classname="| Alastair1 | Male | ashillitoe2@elpais.com | inactive |" time="0"/>
  <testcase name="And I delete user with name &quot;Alastair1&quot; gender &quot;Male&quot; email &quot;ashillitoe2@elpais.com&quot; status &quot;inactive&quot;" classname="| Alastair1 | Male | ashillitoe2@elpais.com | inactive |" time="0"/>
  <testcase name="Then I verify the response has status code" classname="| Alastair1 | Male | ashillitoe2@elpais.com | inactive |" time="0"/>
  <testcase name="And I update user with name &quot;Weider1&quot; gender &quot;Male&quot; email &quot;wclaige3@wufoo.com&quot; status &quot;active&quot;" classname="| Weider1 | Male | wclaige3@wufoo.com | active |" time="0"/>
  <testcase name="And I delete user with name &quot;Weider1&quot; gender &quot;Male&quot; email &quot;wclaige3@wufoo.com&quot; status &quot;active&quot;" classname="| Weider1 | Male | wclaige3@wufoo.com | active |" time="0"/>
  <testcase name="Then I verify the response has status code" classname="| Weider1 | Male | wclaige3@wufoo.com | active |" time="0"/>
</testsuite>